2020-11-05 20:09:36 - PHP Notice:  Undefined variable: fax in D:\Local\OSPanel\domains\charlotte.loc\catalog\view\theme\charlotte\template\common\header.tpl on line 54
2020-11-05 20:10:13 - PHP Notice:  Undefined variable: fax in D:\Local\OSPanel\domains\charlotte.loc\catalog\view\theme\charlotte\template\common\header.tpl on line 54
2020-11-05 20:13:14 - PHP Notice:  Undefined variable: fax in D:\Local\OSPanel\domains\charlotte.loc\catalog\view\theme\charlotte\template\common\header.tpl on line 54
2020-11-09 19:16:32 - PHP Notice:  Undefined variable: count in D:\Local\OSPanel\domains\charlotte.loc\system\storage\modification\catalog\view\theme\charlotte\template\common\cart.tpl on line 3
2020-11-09 19:17:51 - PHP Notice:  Undefined variable: count in D:\Local\OSPanel\domains\charlotte.loc\system\storage\modification\catalog\view\theme\charlotte\template\common\cart.tpl on line 3
2020-11-09 19:18:29 - PHP Notice:  Undefined variable: count in D:\Local\OSPanel\domains\charlotte.loc\system\storage\modification\catalog\view\theme\charlotte\template\common\cart.tpl on line 3
2020-11-09 19:20:46 - PHP Notice:  Undefined variable: count in D:\Local\OSPanel\domains\charlotte.loc\system\storage\modification\catalog\view\theme\charlotte\template\common\cart.tpl on line 3
2020-11-09 19:21:55 - PHP Notice:  Undefined variable: count in D:\Local\OSPanel\domains\charlotte.loc\system\storage\modification\catalog\view\theme\charlotte\template\common\cart.tpl on line 3
2020-11-09 19:22:18 - PHP Notice:  Undefined variable: count in D:\Local\OSPanel\domains\charlotte.loc\system\storage\modification\catalog\view\theme\charlotte\template\common\cart.tpl on line 3
2020-11-09 19:24:25 - PHP Notice:  Undefined variable: count in D:\Local\OSPanel\domains\charlotte.loc\system\storage\modification\catalog\view\theme\charlotte\template\common\cart.tpl on line 3
2020-11-09 19:24:25 - PHP Notice:  Undefined variable: count in D:\Local\OSPanel\domains\charlotte.loc\system\storage\modification\catalog\view\theme\charlotte\template\common\cart.tpl on line 3
2020-11-09 19:26:24 - PHP Notice:  Undefined variable: count in D:\Local\OSPanel\domains\charlotte.loc\system\storage\modification\catalog\view\theme\charlotte\template\common\cart.tpl on line 3
2020-11-09 19:26:24 - PHP Notice:  Undefined variable: count in D:\Local\OSPanel\domains\charlotte.loc\system\storage\modification\catalog\view\theme\charlotte\template\common\cart.tpl on line 3
2020-11-09 19:26:49 - PHP Notice:  Undefined variable: count in D:\Local\OSPanel\domains\charlotte.loc\system\storage\modification\catalog\view\theme\charlotte\template\common\cart.tpl on line 3
2020-11-09 19:26:49 - PHP Notice:  Undefined variable: count in D:\Local\OSPanel\domains\charlotte.loc\system\storage\modification\catalog\view\theme\charlotte\template\common\cart.tpl on line 3
2020-11-09 19:28:26 - PHP Notice:  Undefined variable: count in D:\Local\OSPanel\domains\charlotte.loc\system\storage\modification\catalog\view\theme\charlotte\template\common\cart.tpl on line 3
2020-11-09 19:28:26 - PHP Notice:  Undefined variable: count in D:\Local\OSPanel\domains\charlotte.loc\system\storage\modification\catalog\view\theme\charlotte\template\common\cart.tpl on line 3
2020-11-09 19:30:30 - PHP Notice:  Undefined variable: count in D:\Local\OSPanel\domains\charlotte.loc\system\storage\modification\catalog\view\theme\charlotte\template\common\cart.tpl on line 3
2020-11-09 19:32:58 - PHP Notice:  Undefined variable: count in D:\Local\OSPanel\domains\charlotte.loc\system\storage\modification\catalog\view\theme\charlotte\template\common\cart.tpl on line 3
2020-11-09 19:38:26 - PHP Notice:  Undefined variable: count in D:\Local\OSPanel\domains\charlotte.loc\system\storage\modification\catalog\view\theme\charlotte\template\common\cart.tpl on line 3
2020-11-09 19:38:36 - PHP Notice:  Undefined variable: count in D:\Local\OSPanel\domains\charlotte.loc\system\storage\modification\catalog\view\theme\charlotte\template\common\cart.tpl on line 3
2020-11-09 19:45:38 - PHP Notice:  Undefined variable: count in D:\Local\OSPanel\domains\charlotte.loc\system\storage\modification\catalog\view\theme\charlotte\template\common\cart.tpl on line 3
2020-11-09 19:52:56 - PHP Notice:  Undefined variable: count in D:\Local\OSPanel\domains\charlotte.loc\system\storage\modification\catalog\view\theme\charlotte\template\common\cart.tpl on line 3
2020-11-09 19:52:56 - PHP Notice:  Undefined variable: count in D:\Local\OSPanel\domains\charlotte.loc\system\storage\modification\catalog\view\theme\charlotte\template\common\cart.tpl on line 3
2020-11-09 22:14:30 - PHP Notice:  Undefined variable: count in D:\Local\OSPanel\domains\charlotte.loc\system\storage\modification\catalog\view\theme\charlotte\template\common\cart.tpl on line 3
2020-11-09 22:14:30 - PHP Notice:  Undefined variable: count in D:\Local\OSPanel\domains\charlotte.loc\system\storage\modification\catalog\view\theme\charlotte\template\common\cart.tpl on line 3
2020-11-09 22:17:41 - PHP Notice:  Undefined variable: count in D:\Local\OSPanel\domains\charlotte.loc\system\storage\modification\catalog\view\theme\charlotte\template\common\cart.tpl on line 3
2020-11-09 22:17:41 - PHP Notice:  Undefined variable: count in D:\Local\OSPanel\domains\charlotte.loc\system\storage\modification\catalog\view\theme\charlotte\template\common\cart.tpl on line 3
2020-11-09 22:18:15 - PHP Notice:  Undefined variable: count in D:\Local\OSPanel\domains\charlotte.loc\system\storage\modification\catalog\view\theme\charlotte\template\common\cart.tpl on line 3
2020-11-09 22:18:15 - PHP Notice:  Undefined variable: count in D:\Local\OSPanel\domains\charlotte.loc\system\storage\modification\catalog\view\theme\charlotte\template\common\cart.tpl on line 3
2020-11-09 22:26:18 - PHP Notice:  Undefined variable: count in D:\Local\OSPanel\domains\charlotte.loc\system\storage\modification\catalog\view\theme\charlotte\template\common\cart.tpl on line 3
2020-11-09 22:26:18 - PHP Notice:  Undefined variable: count in D:\Local\OSPanel\domains\charlotte.loc\system\storage\modification\catalog\view\theme\charlotte\template\common\cart.tpl on line 3
2020-11-09 22:26:38 - PHP Notice:  Undefined variable: count in D:\Local\OSPanel\domains\charlotte.loc\system\storage\modification\catalog\view\theme\charlotte\template\common\cart.tpl on line 3
2020-11-09 22:26:38 - PHP Notice:  Undefined variable: count in D:\Local\OSPanel\domains\charlotte.loc\system\storage\modification\catalog\view\theme\charlotte\template\common\cart.tpl on line 3
2020-11-09 22:31:33 - PHP Notice:  Undefined variable: count in D:\Local\OSPanel\domains\charlotte.loc\system\storage\modification\catalog\view\theme\charlotte\template\common\cart.tpl on line 3
2020-11-09 22:31:33 - PHP Notice:  Undefined variable: count in D:\Local\OSPanel\domains\charlotte.loc\system\storage\modification\catalog\view\theme\charlotte\template\common\cart.tpl on line 3
2020-11-09 22:33:02 - PHP Notice:  Undefined variable: count in D:\Local\OSPanel\domains\charlotte.loc\system\storage\modification\catalog\view\theme\charlotte\template\common\cart.tpl on line 3
2020-11-09 22:33:02 - PHP Notice:  Undefined variable: count in D:\Local\OSPanel\domains\charlotte.loc\system\storage\modification\catalog\view\theme\charlotte\template\common\cart.tpl on line 3
2020-11-09 22:33:33 - PHP Notice:  Undefined variable: count in D:\Local\OSPanel\domains\charlotte.loc\system\storage\modification\catalog\view\theme\charlotte\template\common\cart.tpl on line 3
2020-11-09 22:33:33 - PHP Notice:  Undefined variable: count in D:\Local\OSPanel\domains\charlotte.loc\system\storage\modification\catalog\view\theme\charlotte\template\common\cart.tpl on line 3
2020-11-09 23:00:58 - PHP Notice:  Undefined variable: informations in D:\Local\OSPanel\domains\charlotte.loc\catalog\view\theme\charlotte\template\common\header.tpl on line 99
2020-11-09 23:00:58 - PHP Warning:  Invalid argument supplied for foreach() in D:\Local\OSPanel\domains\charlotte.loc\catalog\view\theme\charlotte\template\common\header.tpl on line 99
2020-11-09 23:01:07 - PHP Notice:  Undefined variable: informations in D:\Local\OSPanel\domains\charlotte.loc\catalog\view\theme\charlotte\template\common\header.tpl on line 99
2020-11-09 23:01:07 - PHP Warning:  Invalid argument supplied for foreach() in D:\Local\OSPanel\domains\charlotte.loc\catalog\view\theme\charlotte\template\common\header.tpl on line 99
2020-11-12 0:40:25 - PHP Notice:  Undefined variable: heading_title in D:\Local\OSPanel\domains\charlotte.loc\catalog\view\theme\charlotte\template\common\footer.tpl on line 44
2020-11-12 0:40:31 - PHP Notice:  Undefined variable: heading_title in D:\Local\OSPanel\domains\charlotte.loc\catalog\view\theme\charlotte\template\common\footer.tpl on line 44
2020-11-12 0:41:10 - PHP Notice:  Undefined variable: heading_title in D:\Local\OSPanel\domains\charlotte.loc\catalog\view\theme\charlotte\template\common\footer.tpl on line 44
2020-11-12 0:41:32 - PHP Notice:  Undefined variable: heading_title in D:\Local\OSPanel\domains\charlotte.loc\catalog\view\theme\charlotte\template\common\footer.tpl on line 44
2020-11-12 0:42:03 - PHP Notice:  Undefined variable: heading_title in D:\Local\OSPanel\domains\charlotte.loc\catalog\view\theme\charlotte\template\common\footer.tpl on line 44
2020-11-12 0:49:16 - PHP Notice:  Undefined variable: heading_title in D:\Local\OSPanel\domains\charlotte.loc\catalog\view\theme\charlotte\template\common\footer.tpl on line 44
2020-11-12 0:49:23 - PHP Notice:  Undefined variable: heading_title in D:\Local\OSPanel\domains\charlotte.loc\catalog\view\theme\charlotte\template\common\footer.tpl on line 44
2020-11-12 0:51:02 - PHP Notice:  Undefined variable: heading_title in D:\Local\OSPanel\domains\charlotte.loc\catalog\view\theme\charlotte\template\common\footer.tpl on line 44
2020-11-12 1:07:01 - PHP Notice:  Undefined variable: heading_title in D:\Local\OSPanel\domains\charlotte.loc\catalog\view\theme\charlotte\template\common\footer.tpl on line 44
2020-11-12 1:11:08 - PHP Notice:  Undefined variable: heading_title in D:\Local\OSPanel\domains\charlotte.loc\catalog\view\theme\charlotte\template\common\footer.tpl on line 44
2020-11-12 1:11:08 - PHP Notice:  Undefined variable: informations in D:\Local\OSPanel\domains\charlotte.loc\catalog\view\theme\charlotte\template\common\header.tpl on line 100
2020-11-12 1:11:08 - PHP Warning:  Invalid argument supplied for foreach() in D:\Local\OSPanel\domains\charlotte.loc\catalog\view\theme\charlotte\template\common\header.tpl on line 100
2020-11-12 1:11:52 - PHP Notice:  Undefined variable: informations in D:\Local\OSPanel\domains\charlotte.loc\catalog\view\theme\charlotte\template\common\header.tpl on line 100
2020-11-12 1:11:52 - PHP Warning:  Invalid argument supplied for foreach() in D:\Local\OSPanel\domains\charlotte.loc\catalog\view\theme\charlotte\template\common\header.tpl on line 100
2020-11-12 1:12:01 - PHP Notice:  Undefined variable: informations in D:\Local\OSPanel\domains\charlotte.loc\catalog\view\theme\charlotte\template\common\header.tpl on line 100
2020-11-12 1:12:01 - PHP Warning:  Invalid argument supplied for foreach() in D:\Local\OSPanel\domains\charlotte.loc\catalog\view\theme\charlotte\template\common\header.tpl on line 100
2020-11-12 1:12:51 - PHP Notice:  Undefined variable: informations in D:\Local\OSPanel\domains\charlotte.loc\catalog\view\theme\charlotte\template\common\header.tpl on line 100
2020-11-12 1:12:51 - PHP Warning:  Invalid argument supplied for foreach() in D:\Local\OSPanel\domains\charlotte.loc\catalog\view\theme\charlotte\template\common\header.tpl on line 100
