2020-11-02 22:52:39 - MOD: Modification Default

FILE: system/engine/action.php
REGEX: ~(require|include)(_once)?\(([^)]+)~
LINE: 41

FILE: system/engine/loader.php
REGEX: ~(require|include)(_once)?\(([^)]+)~
LINE: 49
LINE: 108
LINE: 120
LINE: 165

FILE: system/library/config.php
REGEX: ~(require|include)(_once)?\(([^)]+)~
LINE: 23

FILE: system/library/language.php
REGEX: ~(require|include)(_once)?\(([^)]+)~
LINE: 38
LINE: 40
LINE: 49
LINE: 51
LINE: 60
LINE: 62

FILE: system/library/template/php.php
REGEX: ~(require|include)(_once)?\(([^)]+)~
LINE: 18

FILE: system/library/template/tiwg.php
REGEX: ~(require|include)(_once)?\(([^)]+)~
LINE: 24
----------------------------------------------------------------
MOD: fondy_payment

FILE: catalog/controller/checkout/checkout.php
CODE: public function index() {
LINE: 11

FILE: catalog/view/theme/default/template/checkout/checkout.tpl
CODE: <h1><?php echo $heading_title; ?></h1>
LINE: 26
----------------------------------------------------------------
MOD: OcStore 2.3.x track number

FILE: admin/controller/sale/order.php
CODE: $data['shipping_method'] = $order_info['shipping_method'];
LINE: 567
LINE: 942
CODE: public function history() {
LINE: 1545

FILE: admin/model/sale/order.php
CODE: $order_query->row['order_id'],
LINE: 96

FILE: catalog/model/checkout/order.php
CODE: $order_query->row['order_id'],
LINE: 170

FILE: admin/view/template/sale/order_info.tpl
CODE: <td><?php echo $text_reward; ?></td>
LINE: 100
CODE: <?php echo $footer; ?>
LINE: 700

FILE: catalog/model/account/order.php
CODE: $order_query->row['order_id'],
LINE: 46

FILE: catalog/controller/account/order.php
CODE: if ($order_info['invoice_no']) {
LINE: 210

FILE: catalog/view/theme/default/template/account/order_info.tpl
CODE: <b><?php echo $text_shipping_method; ?></b> <?php echo $shipping_method; ?>
LINE: 49
----------------------------------------------------------------
MOD: Local copy OCMOD

FILE: admin/controller/extension/installer.php
CODE: 'url'  => str_replace('&amp;', '&', $this->url->link('extension/installer/ftp', 'token=' . $this->session->data['token'],
LINE: 131
CODE: public function unzip() {
LINE: 292
----------------------------------------------------------------
2020-11-02 22:52:55 - MOD: Modification Default

FILE: system/engine/action.php
REGEX: ~(require|include)(_once)?\(([^)]+)~
LINE: 41

FILE: system/engine/loader.php
REGEX: ~(require|include)(_once)?\(([^)]+)~
LINE: 49
LINE: 108
LINE: 120
LINE: 165

FILE: system/library/config.php
REGEX: ~(require|include)(_once)?\(([^)]+)~
LINE: 23

FILE: system/library/language.php
REGEX: ~(require|include)(_once)?\(([^)]+)~
LINE: 38
LINE: 40
LINE: 49
LINE: 51
LINE: 60
LINE: 62

FILE: system/library/template/php.php
REGEX: ~(require|include)(_once)?\(([^)]+)~
LINE: 18

FILE: system/library/template/tiwg.php
REGEX: ~(require|include)(_once)?\(([^)]+)~
LINE: 24
----------------------------------------------------------------
MOD: fondy_payment

FILE: catalog/controller/checkout/checkout.php
CODE: public function index() {
LINE: 11

FILE: catalog/view/theme/default/template/checkout/checkout.tpl
CODE: <h1><?php echo $heading_title; ?></h1>
LINE: 26
----------------------------------------------------------------
MOD: OcStore 2.3.x track number

FILE: admin/controller/sale/order.php
CODE: $data['shipping_method'] = $order_info['shipping_method'];
LINE: 567
LINE: 942
CODE: public function history() {
LINE: 1545

FILE: admin/model/sale/order.php
CODE: $order_query->row['order_id'],
LINE: 96

FILE: catalog/model/checkout/order.php
CODE: $order_query->row['order_id'],
LINE: 170

FILE: admin/view/template/sale/order_info.tpl
CODE: <td><?php echo $text_reward; ?></td>
LINE: 100
CODE: <?php echo $footer; ?>
LINE: 700

FILE: catalog/model/account/order.php
CODE: $order_query->row['order_id'],
LINE: 46

FILE: catalog/controller/account/order.php
CODE: if ($order_info['invoice_no']) {
LINE: 210

FILE: catalog/view/theme/default/template/account/order_info.tpl
CODE: <b><?php echo $text_shipping_method; ?></b> <?php echo $shipping_method; ?>
LINE: 49
----------------------------------------------------------------
MOD: Local copy OCMOD

FILE: admin/controller/extension/installer.php
CODE: 'url'  => str_replace('&amp;', '&', $this->url->link('extension/installer/ftp', 'token=' . $this->session->data['token'],
LINE: 131
CODE: public function unzip() {
LINE: 292
----------------------------------------------------------------
MOD: Auto SEO URL

FILE: admin/view/template/common/footer.tpl
CODE: </footer>
LINE: 7

FILE: admin/view/template/catalog/product_form.tpl
CODE: name="product_description[<?php echo $language['language_id']; ?>][name]"
LINE: 54

FILE: admin/view/template/catalog/category_form.tpl
CODE: name="category_description[<?php echo $language['language_id']; ?>][name]"
LINE: 45

FILE: admin/view/template/catalog/manufacturer_form.tpl
CODE: name="manufacturer_description[<?php echo $language['language_id']; ?>][name]"
LINE: 38

FILE: admin/view/template/catalog/information_form.tpl
CODE: name="information_description[<?php echo $language['language_id']; ?>][title]"
LINE: 45
----------------------------------------------------------------
2020-11-02 22:53:12 - MOD: Modification Default

FILE: system/engine/action.php
REGEX: ~(require|include)(_once)?\(([^)]+)~
LINE: 41

FILE: system/engine/loader.php
REGEX: ~(require|include)(_once)?\(([^)]+)~
LINE: 49
LINE: 108
LINE: 120
LINE: 165

FILE: system/library/config.php
REGEX: ~(require|include)(_once)?\(([^)]+)~
LINE: 23

FILE: system/library/language.php
REGEX: ~(require|include)(_once)?\(([^)]+)~
LINE: 38
LINE: 40
LINE: 49
LINE: 51
LINE: 60
LINE: 62

FILE: system/library/template/php.php
REGEX: ~(require|include)(_once)?\(([^)]+)~
LINE: 18

FILE: system/library/template/tiwg.php
REGEX: ~(require|include)(_once)?\(([^)]+)~
LINE: 24
----------------------------------------------------------------
MOD: fondy_payment

FILE: catalog/controller/checkout/checkout.php
CODE: public function index() {
LINE: 11

FILE: catalog/view/theme/default/template/checkout/checkout.tpl
CODE: <h1><?php echo $heading_title; ?></h1>
LINE: 26
----------------------------------------------------------------
MOD: OcStore 2.3.x track number

FILE: admin/controller/sale/order.php
CODE: $data['shipping_method'] = $order_info['shipping_method'];
LINE: 567
LINE: 942
CODE: public function history() {
LINE: 1545

FILE: admin/model/sale/order.php
CODE: $order_query->row['order_id'],
LINE: 96

FILE: catalog/model/checkout/order.php
CODE: $order_query->row['order_id'],
LINE: 170

FILE: admin/view/template/sale/order_info.tpl
CODE: <td><?php echo $text_reward; ?></td>
LINE: 100
CODE: <?php echo $footer; ?>
LINE: 700

FILE: catalog/model/account/order.php
CODE: $order_query->row['order_id'],
LINE: 46

FILE: catalog/controller/account/order.php
CODE: if ($order_info['invoice_no']) {
LINE: 210

FILE: catalog/view/theme/default/template/account/order_info.tpl
CODE: <b><?php echo $text_shipping_method; ?></b> <?php echo $shipping_method; ?>
LINE: 49
----------------------------------------------------------------
MOD: Local copy OCMOD

FILE: admin/controller/extension/installer.php
CODE: 'url'  => str_replace('&amp;', '&', $this->url->link('extension/installer/ftp', 'token=' . $this->session->data['token'],
LINE: 131
CODE: public function unzip() {
LINE: 292
----------------------------------------------------------------
MOD: Auto SEO URL

FILE: admin/view/template/common/footer.tpl
CODE: </footer>
LINE: 7

FILE: admin/view/template/catalog/product_form.tpl
CODE: name="product_description[<?php echo $language['language_id']; ?>][name]"
LINE: 54

FILE: admin/view/template/catalog/category_form.tpl
CODE: name="category_description[<?php echo $language['language_id']; ?>][name]"
LINE: 45

FILE: admin/view/template/catalog/manufacturer_form.tpl
CODE: name="manufacturer_description[<?php echo $language['language_id']; ?>][name]"
LINE: 38

FILE: admin/view/template/catalog/information_form.tpl
CODE: name="information_description[<?php echo $language['language_id']; ?>][title]"
LINE: 45
----------------------------------------------------------------
MOD: Cache Cleaner

FILE: admin/controller/common/header.php
CODE: $data['logged'] = true;
LINE: 75

FILE: admin/view/template/common/header.tpl
CODE: <ul class="nav pull-right">
LINE: 99
CODE: <ul class="nav pull-right">
LINE: 117
----------------------------------------------------------------
2020-11-02 22:53:29 - MOD: Modification Default
FILE: system/engine/action.php
REGEX: ~(require|include)(_once)?\(([^)]+)~
LINE: 41
FILE: system/engine/loader.php
REGEX: ~(require|include)(_once)?\(([^)]+)~
LINE: 49
LINE: 108
LINE: 120
LINE: 165
FILE: system/library/config.php
REGEX: ~(require|include)(_once)?\(([^)]+)~
LINE: 23
FILE: system/library/language.php
REGEX: ~(require|include)(_once)?\(([^)]+)~
LINE: 38
LINE: 40
LINE: 49
LINE: 51
LINE: 60
LINE: 62
FILE: system/library/template/php.php
REGEX: ~(require|include)(_once)?\(([^)]+)~
LINE: 18
FILE: system/library/template/tiwg.php
REGEX: ~(require|include)(_once)?\(([^)]+)~
LINE: 24
----------------------------------------------------------------
MOD: fondy_payment
FILE: catalog/controller/checkout/checkout.php
CODE: public function index() {
LINE: 11
FILE: catalog/view/theme/default/template/checkout/checkout.tpl
CODE: <h1><?php echo $heading_title; ?></h1>
LINE: 26
----------------------------------------------------------------
MOD: OcStore 2.3.x track number
FILE: admin/controller/sale/order.php
CODE: $data['shipping_method'] = $order_info['shipping_method'];
LINE: 567
LINE: 942
CODE: public function history() {
LINE: 1545
FILE: admin/model/sale/order.php
CODE: $order_query->row['order_id'],
LINE: 96
FILE: catalog/model/checkout/order.php
CODE: $order_query->row['order_id'],
LINE: 170
FILE: admin/view/template/sale/order_info.tpl
CODE: <td><?php echo $text_reward; ?></td>
LINE: 100
CODE: <?php echo $footer; ?>
LINE: 700
FILE: catalog/model/account/order.php
CODE: $order_query->row['order_id'],
LINE: 46
FILE: catalog/controller/account/order.php
CODE: if ($order_info['invoice_no']) {
LINE: 210
FILE: catalog/view/theme/default/template/account/order_info.tpl
CODE: <b><?php echo $text_shipping_method; ?></b> <?php echo $shipping_method; ?>
LINE: 49
----------------------------------------------------------------
MOD: Auto SEO URL
FILE: admin/view/template/common/footer.tpl
CODE: </footer>
LINE: 7
FILE: admin/view/template/catalog/product_form.tpl
CODE: name="product_description[<?php echo $language['language_id']; ?>][name]"
LINE: 54
FILE: admin/view/template/catalog/category_form.tpl
CODE: name="category_description[<?php echo $language['language_id']; ?>][name]"
LINE: 45
FILE: admin/view/template/catalog/manufacturer_form.tpl
CODE: name="manufacturer_description[<?php echo $language['language_id']; ?>][name]"
LINE: 38
FILE: admin/view/template/catalog/information_form.tpl
CODE: name="information_description[<?php echo $language['language_id']; ?>][title]"
LINE: 45
----------------------------------------------------------------
MOD: Cache Cleaner
FILE: admin/controller/common/header.php
CODE: $data['logged'] = true;
LINE: 75
FILE: admin/view/template/common/header.tpl
CODE: <ul class="nav pull-right">
LINE: 99
CODE: <ul class="nav pull-right">
LINE: 117
----------------------------------------------------------------
MOD: Local copy OCMOD
FILE: admin/controller/extension/installer.php
CODE: 'url'  => str_replace('&amp;', '&', $this->url->link('extension/installer/ftp', 'token=' . $this->session->data['token'],
LINE: 131
CODE: public function unzip() {
LINE: 292
----------------------------------------------------------------
MOD: Modification Manager
FILE: admin/language/en-gb/extension/modification.php
CODE: <?php
LINE: 24
CODE: $json['error'] = sprintf($this->language->get('error_exists'), $modification_info['name']);
LINE: 529
----------------------------------------------------------------
2020-11-02 22:53:44 - MOD: Modification Default
FILE: system/engine/action.php
REGEX: ~(require|include)(_once)?\(([^)]+)~
LINE: 41
FILE: system/engine/loader.php
REGEX: ~(require|include)(_once)?\(([^)]+)~
LINE: 49
LINE: 108
LINE: 120
LINE: 165
FILE: system/library/config.php
REGEX: ~(require|include)(_once)?\(([^)]+)~
LINE: 23
FILE: system/library/language.php
REGEX: ~(require|include)(_once)?\(([^)]+)~
LINE: 38
LINE: 40
LINE: 49
LINE: 51
LINE: 60
LINE: 62
FILE: system/library/template/php.php
REGEX: ~(require|include)(_once)?\(([^)]+)~
LINE: 18
FILE: system/library/template/tiwg.php
REGEX: ~(require|include)(_once)?\(([^)]+)~
LINE: 24
----------------------------------------------------------------
MOD: fondy_payment
FILE: catalog/controller/checkout/checkout.php
CODE: public function index() {
LINE: 11
FILE: catalog/view/theme/default/template/checkout/checkout.tpl
CODE: <h1><?php echo $heading_title; ?></h1>
LINE: 26
----------------------------------------------------------------
MOD: OcStore 2.3.x track number
FILE: admin/controller/sale/order.php
CODE: $data['shipping_method'] = $order_info['shipping_method'];
LINE: 567
LINE: 942
CODE: public function history() {
LINE: 1545
FILE: admin/model/sale/order.php
CODE: $order_query->row['order_id'],
LINE: 96
FILE: catalog/model/checkout/order.php
CODE: $order_query->row['order_id'],
LINE: 170
FILE: admin/view/template/sale/order_info.tpl
CODE: <td><?php echo $text_reward; ?></td>
LINE: 100
CODE: <?php echo $footer; ?>
LINE: 700
FILE: catalog/model/account/order.php
CODE: $order_query->row['order_id'],
LINE: 46
FILE: catalog/controller/account/order.php
CODE: if ($order_info['invoice_no']) {
LINE: 210
FILE: catalog/view/theme/default/template/account/order_info.tpl
CODE: <b><?php echo $text_shipping_method; ?></b> <?php echo $shipping_method; ?>
LINE: 49
----------------------------------------------------------------
MOD: Auto SEO URL
FILE: admin/view/template/common/footer.tpl
CODE: </footer>
LINE: 7
FILE: admin/view/template/catalog/product_form.tpl
CODE: name="product_description[<?php echo $language['language_id']; ?>][name]"
LINE: 54
FILE: admin/view/template/catalog/category_form.tpl
CODE: name="category_description[<?php echo $language['language_id']; ?>][name]"
LINE: 45
FILE: admin/view/template/catalog/manufacturer_form.tpl
CODE: name="manufacturer_description[<?php echo $language['language_id']; ?>][name]"
LINE: 38
FILE: admin/view/template/catalog/information_form.tpl
CODE: name="information_description[<?php echo $language['language_id']; ?>][title]"
LINE: 45
----------------------------------------------------------------
MOD: Cache Cleaner
FILE: admin/controller/common/header.php
CODE: $data['logged'] = true;
LINE: 75
FILE: admin/view/template/common/header.tpl
CODE: <ul class="nav pull-right">
LINE: 99
CODE: <ul class="nav pull-right">
LINE: 117
----------------------------------------------------------------
MOD: Local copy OCMOD
FILE: admin/controller/extension/installer.php
CODE: 'url'  => str_replace('&amp;', '&', $this->url->link('extension/installer/ftp', 'token=' . $this->session->data['token'],
LINE: 131
CODE: public function unzip() {
LINE: 292
----------------------------------------------------------------
MOD: Modification Manager
FILE: admin/language/en-gb/extension/modification.php
CODE: <?php
LINE: 24
CODE: $json['error'] = sprintf($this->language->get('error_exists'), $modification_info['name']);
LINE: 529
----------------------------------------------------------------
MOD: Newsletter Subscription
FILE: admin/controller/common/column_left.php
CODE: if ($this->user->hasPermission('access', 'marketing/contact')) {
LINE: 400
FILE: admin/view/template/marketing/contact.tpl
CODE: <option value="product"><?php echo $text_product; ?></option>
LINE: 46
FILE: admin/language/en-gb/marketing/contact.php
CODE: $_['text_product']
LINE: 18
FILE: admin/language/ru-ru/marketing/contact.php
CODE: $_['text_product']
LINE: 18
FILE: admin/controller/marketing/contact.php
CODE: $data['text_product'] = $this->language->get('text_product');
LINE: 32
CODE: $email_total = $this->model_customer_customer->getTotalCustomers($customer_data);
LINE: 144
LINE: 158
LINE: 173
CODE: case 'product':
LINE: 263
FILE: admin/model/customer/customer.php
CODE: public function getTotalCustomers($data = array()) {
LINE: 360
----------------------------------------------------------------
2020-11-02 22:58:12 - MOD: Modification Default
FILE: system/engine/action.php
REGEX: ~(require|include)(_once)?\(([^)]+)~
LINE: 41
FILE: system/engine/loader.php
REGEX: ~(require|include)(_once)?\(([^)]+)~
LINE: 49
LINE: 108
LINE: 120
LINE: 165
FILE: system/library/config.php
REGEX: ~(require|include)(_once)?\(([^)]+)~
LINE: 23
FILE: system/library/language.php
REGEX: ~(require|include)(_once)?\(([^)]+)~
LINE: 38
LINE: 40
LINE: 49
LINE: 51
LINE: 60
LINE: 62
FILE: system/library/template/php.php
REGEX: ~(require|include)(_once)?\(([^)]+)~
LINE: 18
FILE: system/library/template/tiwg.php
REGEX: ~(require|include)(_once)?\(([^)]+)~
LINE: 24
----------------------------------------------------------------
MOD: fondy_payment
FILE: catalog/controller/checkout/checkout.php
CODE: public function index() {
LINE: 11
FILE: catalog/view/theme/default/template/checkout/checkout.tpl
CODE: <h1><?php echo $heading_title; ?></h1>
LINE: 26
----------------------------------------------------------------
MOD: OcStore 2.3.x track number
FILE: admin/controller/sale/order.php
CODE: $data['shipping_method'] = $order_info['shipping_method'];
LINE: 567
LINE: 942
CODE: public function history() {
LINE: 1545
FILE: admin/model/sale/order.php
CODE: $order_query->row['order_id'],
LINE: 96
FILE: catalog/model/checkout/order.php
CODE: $order_query->row['order_id'],
LINE: 170
FILE: admin/view/template/sale/order_info.tpl
CODE: <td><?php echo $text_reward; ?></td>
LINE: 100
CODE: <?php echo $footer; ?>
LINE: 700
FILE: catalog/model/account/order.php
CODE: $order_query->row['order_id'],
LINE: 46
FILE: catalog/controller/account/order.php
CODE: if ($order_info['invoice_no']) {
LINE: 210
FILE: catalog/view/theme/default/template/account/order_info.tpl
CODE: <b><?php echo $text_shipping_method; ?></b> <?php echo $shipping_method; ?>
LINE: 49
----------------------------------------------------------------
MOD: Auto SEO URL
FILE: admin/view/template/common/footer.tpl
CODE: </footer>
LINE: 7
FILE: admin/view/template/catalog/product_form.tpl
CODE: name="product_description[<?php echo $language['language_id']; ?>][name]"
LINE: 54
FILE: admin/view/template/catalog/category_form.tpl
CODE: name="category_description[<?php echo $language['language_id']; ?>][name]"
LINE: 45
FILE: admin/view/template/catalog/manufacturer_form.tpl
CODE: name="manufacturer_description[<?php echo $language['language_id']; ?>][name]"
LINE: 38
FILE: admin/view/template/catalog/information_form.tpl
CODE: name="information_description[<?php echo $language['language_id']; ?>][title]"
LINE: 45
----------------------------------------------------------------
MOD: Cache Cleaner
FILE: admin/controller/common/header.php
CODE: $data['logged'] = true;
LINE: 75
FILE: admin/view/template/common/header.tpl
CODE: <ul class="nav pull-right">
LINE: 99
CODE: <ul class="nav pull-right">
LINE: 117
----------------------------------------------------------------
MOD: Header Information
FILE: catalog/controller/common/header.php
CODE: $data['name'] = $this->config->get('config_name');
LINE: 51
----------------------------------------------------------------
MOD: Local copy OCMOD
FILE: admin/controller/extension/installer.php
CODE: 'url'  => str_replace('&amp;', '&', $this->url->link('extension/installer/ftp', 'token=' . $this->session->data['token'],
LINE: 131
CODE: public function unzip() {
LINE: 292
----------------------------------------------------------------
MOD: Modification Manager
FILE: admin/language/en-gb/extension/modification.php
CODE: <?php
LINE: 24
CODE: $json['error'] = sprintf($this->language->get('error_exists'), $modification_info['name']);
LINE: 529
----------------------------------------------------------------
MOD: Newsletter Subscription
FILE: admin/controller/common/column_left.php
CODE: if ($this->user->hasPermission('access', 'marketing/contact')) {
LINE: 400
FILE: admin/view/template/marketing/contact.tpl
CODE: <option value="product"><?php echo $text_product; ?></option>
LINE: 46
FILE: admin/language/en-gb/marketing/contact.php
CODE: $_['text_product']
LINE: 18
FILE: admin/language/ru-ru/marketing/contact.php
CODE: $_['text_product']
LINE: 18
FILE: admin/controller/marketing/contact.php
CODE: $data['text_product'] = $this->language->get('text_product');
LINE: 32
CODE: $email_total = $this->model_customer_customer->getTotalCustomers($customer_data);
LINE: 144
LINE: 158
LINE: 173
CODE: case 'product':
LINE: 263
FILE: admin/model/customer/customer.php
CODE: public function getTotalCustomers($data = array()) {
LINE: 360
----------------------------------------------------------------
2020-11-02 22:59:14 - MOD: Modification Default
FILE: system/engine/action.php
REGEX: ~(require|include)(_once)?\(([^)]+)~
LINE: 41
FILE: system/engine/loader.php
REGEX: ~(require|include)(_once)?\(([^)]+)~
LINE: 49
LINE: 108
LINE: 120
LINE: 165
FILE: system/library/config.php
REGEX: ~(require|include)(_once)?\(([^)]+)~
LINE: 23
FILE: system/library/language.php
REGEX: ~(require|include)(_once)?\(([^)]+)~
LINE: 38
LINE: 40
LINE: 49
LINE: 51
LINE: 60
LINE: 62
FILE: system/library/template/php.php
REGEX: ~(require|include)(_once)?\(([^)]+)~
LINE: 18
FILE: system/library/template/tiwg.php
REGEX: ~(require|include)(_once)?\(([^)]+)~
LINE: 24
----------------------------------------------------------------
MOD: fondy_payment
FILE: catalog/controller/checkout/checkout.php
CODE: public function index() {
LINE: 11
FILE: catalog/view/theme/default/template/checkout/checkout.tpl
CODE: <h1><?php echo $heading_title; ?></h1>
LINE: 26
----------------------------------------------------------------
MOD: OcStore 2.3.x track number
FILE: admin/controller/sale/order.php
CODE: $data['shipping_method'] = $order_info['shipping_method'];
LINE: 567
LINE: 942
CODE: public function history() {
LINE: 1545
FILE: admin/model/sale/order.php
CODE: $order_query->row['order_id'],
LINE: 96
FILE: catalog/model/checkout/order.php
CODE: $order_query->row['order_id'],
LINE: 170
FILE: admin/view/template/sale/order_info.tpl
CODE: <td><?php echo $text_reward; ?></td>
LINE: 100
CODE: <?php echo $footer; ?>
LINE: 700
FILE: catalog/model/account/order.php
CODE: $order_query->row['order_id'],
LINE: 46
FILE: catalog/controller/account/order.php
CODE: if ($order_info['invoice_no']) {
LINE: 210
FILE: catalog/view/theme/default/template/account/order_info.tpl
CODE: <b><?php echo $text_shipping_method; ?></b> <?php echo $shipping_method; ?>
LINE: 49
----------------------------------------------------------------
MOD: Auto SEO URL
FILE: admin/view/template/common/footer.tpl
CODE: </footer>
LINE: 7
FILE: admin/view/template/catalog/product_form.tpl
CODE: name="product_description[<?php echo $language['language_id']; ?>][name]"
LINE: 54
FILE: admin/view/template/catalog/category_form.tpl
CODE: name="category_description[<?php echo $language['language_id']; ?>][name]"
LINE: 45
FILE: admin/view/template/catalog/manufacturer_form.tpl
CODE: name="manufacturer_description[<?php echo $language['language_id']; ?>][name]"
LINE: 38
FILE: admin/view/template/catalog/information_form.tpl
CODE: name="information_description[<?php echo $language['language_id']; ?>][title]"
LINE: 45
----------------------------------------------------------------
MOD: Cache Cleaner
FILE: admin/controller/common/header.php
CODE: $data['logged'] = true;
LINE: 75
FILE: admin/view/template/common/header.tpl
CODE: <ul class="nav pull-right">
LINE: 99
CODE: <ul class="nav pull-right">
LINE: 117
----------------------------------------------------------------
MOD: Footer Information
FILE: catalog/controller/common/footer.php
CODE: $this->load->language('common/footer');
LINE: 24
----------------------------------------------------------------
MOD: Header Information
FILE: catalog/controller/common/header.php
CODE: $data['name'] = $this->config->get('config_name');
LINE: 51
----------------------------------------------------------------
MOD: Local copy OCMOD
FILE: admin/controller/extension/installer.php
CODE: 'url'  => str_replace('&amp;', '&', $this->url->link('extension/installer/ftp', 'token=' . $this->session->data['token'],
LINE: 131
CODE: public function unzip() {
LINE: 292
----------------------------------------------------------------
MOD: Modification Manager
FILE: admin/language/en-gb/extension/modification.php
CODE: <?php
LINE: 24
CODE: $json['error'] = sprintf($this->language->get('error_exists'), $modification_info['name']);
LINE: 529
----------------------------------------------------------------
MOD: Newsletter Subscription
FILE: admin/controller/common/column_left.php
CODE: if ($this->user->hasPermission('access', 'marketing/contact')) {
LINE: 400
FILE: admin/view/template/marketing/contact.tpl
CODE: <option value="product"><?php echo $text_product; ?></option>
LINE: 46
FILE: admin/language/en-gb/marketing/contact.php
CODE: $_['text_product']
LINE: 18
FILE: admin/language/ru-ru/marketing/contact.php
CODE: $_['text_product']
LINE: 18
FILE: admin/controller/marketing/contact.php
CODE: $data['text_product'] = $this->language->get('text_product');
LINE: 32
CODE: $email_total = $this->model_customer_customer->getTotalCustomers($customer_data);
LINE: 144
LINE: 158
LINE: 173
CODE: case 'product':
LINE: 263
FILE: admin/model/customer/customer.php
CODE: public function getTotalCustomers($data = array()) {
LINE: 360
----------------------------------------------------------------
2020-11-05 20:13:24 - MOD: Modification Default
FILE: system/engine/action.php
REGEX: ~(require|include)(_once)?\(([^)]+)~
LINE: 41
FILE: system/engine/loader.php
REGEX: ~(require|include)(_once)?\(([^)]+)~
LINE: 49
LINE: 108
LINE: 120
LINE: 165
FILE: system/library/config.php
REGEX: ~(require|include)(_once)?\(([^)]+)~
LINE: 23
FILE: system/library/language.php
REGEX: ~(require|include)(_once)?\(([^)]+)~
LINE: 38
LINE: 40
LINE: 49
LINE: 51
LINE: 60
LINE: 62
FILE: system/library/template/php.php
REGEX: ~(require|include)(_once)?\(([^)]+)~
LINE: 18
FILE: system/library/template/tiwg.php
REGEX: ~(require|include)(_once)?\(([^)]+)~
LINE: 24
----------------------------------------------------------------
MOD: fondy_payment
FILE: catalog/controller/checkout/checkout.php
CODE: public function index() {
LINE: 11
FILE: catalog/view/theme/default/template/checkout/checkout.tpl
CODE: <h1><?php echo $heading_title; ?></h1>
LINE: 26
----------------------------------------------------------------
MOD: OcStore 2.3.x track number
FILE: admin/controller/sale/order.php
CODE: $data['shipping_method'] = $order_info['shipping_method'];
LINE: 567
LINE: 942
CODE: public function history() {
LINE: 1545
FILE: admin/model/sale/order.php
CODE: $order_query->row['order_id'],
LINE: 96
FILE: catalog/model/checkout/order.php
CODE: $order_query->row['order_id'],
LINE: 170
FILE: admin/view/template/sale/order_info.tpl
CODE: <td><?php echo $text_reward; ?></td>
LINE: 100
CODE: <?php echo $footer; ?>
LINE: 700
FILE: catalog/model/account/order.php
CODE: $order_query->row['order_id'],
LINE: 46
FILE: catalog/controller/account/order.php
CODE: if ($order_info['invoice_no']) {
LINE: 210
FILE: catalog/view/theme/default/template/account/order_info.tpl
CODE: <b><?php echo $text_shipping_method; ?></b> <?php echo $shipping_method; ?>
LINE: 49
----------------------------------------------------------------
MOD: Auto SEO URL
FILE: admin/view/template/common/footer.tpl
CODE: </footer>
LINE: 7
FILE: admin/view/template/catalog/product_form.tpl
CODE: name="product_description[<?php echo $language['language_id']; ?>][name]"
LINE: 54
FILE: admin/view/template/catalog/category_form.tpl
CODE: name="category_description[<?php echo $language['language_id']; ?>][name]"
LINE: 45
FILE: admin/view/template/catalog/manufacturer_form.tpl
CODE: name="manufacturer_description[<?php echo $language['language_id']; ?>][name]"
LINE: 38
FILE: admin/view/template/catalog/information_form.tpl
CODE: name="information_description[<?php echo $language['language_id']; ?>][title]"
LINE: 45
----------------------------------------------------------------
MOD: Cache Cleaner
FILE: admin/controller/common/header.php
CODE: $data['logged'] = true;
LINE: 75
FILE: admin/view/template/common/header.tpl
CODE: <ul class="nav pull-right">
LINE: 99
CODE: <ul class="nav pull-right">
LINE: 117
----------------------------------------------------------------
MOD: Footer Information
FILE: catalog/controller/common/footer.php
CODE: $this->load->language('common/footer');
LINE: 24
----------------------------------------------------------------
MOD: Header Information
FILE: catalog/controller/common/header.php
CODE: $data['name'] = $this->config->get('config_name');
LINE: 51
----------------------------------------------------------------
MOD: Local copy OCMOD
FILE: admin/controller/extension/installer.php
CODE: 'url'  => str_replace('&amp;', '&', $this->url->link('extension/installer/ftp', 'token=' . $this->session->data['token'],
LINE: 131
CODE: public function unzip() {
LINE: 292
----------------------------------------------------------------
MOD: Modification Manager
FILE: admin/language/en-gb/extension/modification.php
CODE: <?php
LINE: 24
CODE: $json['error'] = sprintf($this->language->get('error_exists'), $modification_info['name']);
LINE: 529
----------------------------------------------------------------
MOD: Newsletter Subscription
FILE: admin/controller/common/column_left.php
CODE: if ($this->user->hasPermission('access', 'marketing/contact')) {
LINE: 400
FILE: admin/view/template/marketing/contact.tpl
CODE: <option value="product"><?php echo $text_product; ?></option>
LINE: 46
FILE: admin/language/en-gb/marketing/contact.php
CODE: $_['text_product']
LINE: 18
FILE: admin/language/ru-ru/marketing/contact.php
CODE: $_['text_product']
LINE: 18
FILE: admin/controller/marketing/contact.php
CODE: $data['text_product'] = $this->language->get('text_product');
LINE: 32
CODE: $email_total = $this->model_customer_customer->getTotalCustomers($customer_data);
LINE: 144
LINE: 158
LINE: 173
CODE: case 'product':
LINE: 263
FILE: admin/model/customer/customer.php
CODE: public function getTotalCustomers($data = array()) {
LINE: 360
----------------------------------------------------------------
