2020-11-12 1:12:57 - ----------------------------------------------------------------
NOT FOUND!
CODE: $json['total'] = sprintf($this->language->get('text_items'), $this->cart->countProducts() + (isset($this->session->data['vouchers']) ? count($this->session->data['vouchers']) : 0), $this->currency->format($total, $this->session->data['currency']));
FILE: catalog/controller/checkout/cart.php
MOD: Image Cart
2020-11-19 1:36:06 - ----------------------------------------------------------------
NOT FOUND!
CODE: $json['total'] = sprintf($this->language->get('text_items'), $this->cart->countProducts() + (isset($this->session->data['vouchers']) ? count($this->session->data['vouchers']) : 0), $this->currency->format($total, $this->session->data['currency']));
FILE: catalog/controller/checkout/cart.php
MOD: Image Cart
2020-11-21 2:49:26 - ----------------------------------------------------------------
NOT FOUND!
CODE: $json['total'] = sprintf($this->language->get('text_items'), $this->cart->countProducts() + (isset($this->session->data['vouchers']) ? count($this->session->data['vouchers']) : 0), $this->currency->format($total, $this->session->data['currency']));
FILE: catalog/controller/checkout/cart.php
MOD: Image Cart
2020-11-21 2:58:41 - ----------------------------------------------------------------
NOT FOUND!
CODE: $json['total'] = sprintf($this->language->get('text_items'), $this->cart->countProducts() + (isset($this->session->data['vouchers']) ? count($this->session->data['vouchers']) : 0), $this->currency->format($total, $this->session->data['currency']));
FILE: catalog/controller/checkout/cart.php
MOD: Image Cart
2020-11-21 3:00:42 - ----------------------------------------------------------------
NOT FOUND!
CODE: $json['total'] = sprintf($this->language->get('text_items'), $this->cart->countProducts() + (isset($this->session->data['vouchers']) ? count($this->session->data['vouchers']) : 0), $this->currency->format($total, $this->session->data['currency']));
FILE: catalog/controller/checkout/cart.php
MOD: Image Cart
2020-11-22 0:13:08 - ----------------------------------------------------------------
NOT FOUND!
CODE: $json['total'] = sprintf($this->language->get('text_items'), $this->cart->countProducts() + (isset($this->session->data['vouchers']) ? count($this->session->data['vouchers']) : 0), $this->currency->format($total, $this->session->data['currency']));
FILE: catalog/controller/checkout/cart.php
MOD: Image Cart
2020-11-22 0:26:35 - ----------------------------------------------------------------
NOT FOUND!
CODE: $json['total'] = sprintf($this->language->get('text_items'), $this->cart->countProducts() + (isset($this->session->data['vouchers']) ? count($this->session->data['vouchers']) : 0), $this->currency->format($total, $this->session->data['currency']));
FILE: catalog/controller/checkout/cart.php
MOD: Image Cart
2020-11-22 0:51:19 - ----------------------------------------------------------------
NOT FOUND!
CODE: $json['total'] = sprintf($this->language->get('text_items'), $this->cart->countProducts() + (isset($this->session->data['vouchers']) ? count($this->session->data['vouchers']) : 0), $this->currency->format($total, $this->session->data['currency']));
FILE: catalog/controller/checkout/cart.php
MOD: Image Cart
2020-11-22 0:51:57 - ----------------------------------------------------------------
NOT FOUND!
CODE: $json['total'] = sprintf($this->language->get('text_items'), $this->cart->countProducts() + (isset($this->session->data['vouchers']) ? count($this->session->data['vouchers']) : 0), $this->currency->format($total, $this->session->data['currency']));
FILE: catalog/controller/checkout/cart.php
MOD: Image Cart
2020-11-22 0:53:36 - ----------------------------------------------------------------
NOT FOUND!
CODE: $json['total'] = sprintf($this->language->get('text_items'), $this->cart->countProducts() + (isset($this->session->data['vouchers']) ? count($this->session->data['vouchers']) : 0), $this->currency->format($total, $this->session->data['currency']));
FILE: catalog/controller/checkout/cart.php
MOD: Image Cart
2020-11-22 0:55:11 - ----------------------------------------------------------------
NOT FOUND!
CODE: $json['total'] = sprintf($this->language->get('text_items'), $this->cart->countProducts() + (isset($this->session->data['vouchers']) ? count($this->session->data['vouchers']) : 0), $this->currency->format($total, $this->session->data['currency']));
FILE: catalog/controller/checkout/cart.php
MOD: Image Cart
2020-11-22 1:09:20 - ----------------------------------------------------------------
NOT FOUND!
CODE: $json['total'] = sprintf($this->language->get('text_items'), $this->cart->countProducts() + (isset($this->session->data['vouchers']) ? count($this->session->data['vouchers']) : 0), $this->currency->format($total, $this->session->data['currency']));
FILE: catalog/controller/checkout/cart.php
MOD: Image Cart
2020-11-22 18:00:39 - ----------------------------------------------------------------
NOT FOUND!
CODE: $json['total'] = sprintf($this->language->get('text_items'), $this->cart->countProducts() + (isset($this->session->data['vouchers']) ? count($this->session->data['vouchers']) : 0), $this->currency->format($total, $this->session->data['currency']));
FILE: catalog/controller/checkout/cart.php
MOD: Image Cart
2020-11-22 18:03:29 - ----------------------------------------------------------------
NOT FOUND!
CODE: $json['total'] = sprintf($this->language->get('text_items'), $this->cart->countProducts() + (isset($this->session->data['vouchers']) ? count($this->session->data['vouchers']) : 0), $this->currency->format($total, $this->session->data['currency']));
FILE: catalog/controller/checkout/cart.php
MOD: Image Cart
2020-11-22 19:10:50 - ----------------------------------------------------------------
NOT FOUND!
CODE: $json['total'] = sprintf($this->language->get('text_items'), $this->cart->countProducts() + (isset($this->session->data['vouchers']) ? count($this->session->data['vouchers']) : 0), $this->currency->format($total, $this->session->data['currency']));
FILE: catalog/controller/checkout/cart.php
MOD: Image Cart
2020-11-22 19:11:57 - ----------------------------------------------------------------
NOT FOUND!
CODE: $json['total'] = sprintf($this->language->get('text_items'), $this->cart->countProducts() + (isset($this->session->data['vouchers']) ? count($this->session->data['vouchers']) : 0), $this->currency->format($total, $this->session->data['currency']));
FILE: catalog/controller/checkout/cart.php
MOD: Image Cart
2020-11-22 19:17:18 - ----------------------------------------------------------------
NOT FOUND!
CODE: $json['total'] = sprintf($this->language->get('text_items'), $this->cart->countProducts() + (isset($this->session->data['vouchers']) ? count($this->session->data['vouchers']) : 0), $this->currency->format($total, $this->session->data['currency']));
FILE: catalog/controller/checkout/cart.php
MOD: Image Cart
2020-11-22 19:20:34 - ----------------------------------------------------------------
NOT FOUND!
CODE: $json['total'] = sprintf($this->language->get('text_items'), $this->cart->countProducts() + (isset($this->session->data['vouchers']) ? count($this->session->data['vouchers']) : 0), $this->currency->format($total, $this->session->data['currency']));
FILE: catalog/controller/checkout/cart.php
MOD: Image Cart
2020-11-22 19:45:33 - ----------------------------------------------------------------
NOT FOUND!
CODE: $json['total'] = sprintf($this->language->get('text_items'), $this->cart->countProducts() + (isset($this->session->data['vouchers']) ? count($this->session->data['vouchers']) : 0), $this->currency->format($total, $this->session->data['currency']));
FILE: catalog/controller/checkout/cart.php
MOD: Image Cart
2020-11-22 19:47:13 - ----------------------------------------------------------------
NOT FOUND!
CODE: $json['total'] = sprintf($this->language->get('text_items'), $this->cart->countProducts() + (isset($this->session->data['vouchers']) ? count($this->session->data['vouchers']) : 0), $this->currency->format($total, $this->session->data['currency']));
FILE: catalog/controller/checkout/cart.php
MOD: Image Cart
2020-11-28 1:45:42 - ----------------------------------------------------------------
NOT FOUND!
CODE: $json['total'] = sprintf($this->language->get('text_items'), $this->cart->countProducts() + (isset($this->session->data['vouchers']) ? count($this->session->data['vouchers']) : 0), $this->currency->format($total, $this->session->data['currency']));
FILE: catalog/controller/checkout/cart.php
MOD: Image Cart
2020-11-28 2:36:50 - ----------------------------------------------------------------
NOT FOUND!
CODE: $json['total'] = sprintf($this->language->get('text_items'), $this->cart->countProducts() + (isset($this->session->data['vouchers']) ? count($this->session->data['vouchers']) : 0), $this->currency->format($total, $this->session->data['currency']));
FILE: catalog/controller/checkout/cart.php
MOD: Image Cart
2020-12-07 20:37:42 - ----------------------------------------------------------------
NOT FOUND!
CODE: $json['total'] = sprintf($this->language->get('text_items'), $this->cart->countProducts() + (isset($this->session->data['vouchers']) ? count($this->session->data['vouchers']) : 0), $this->currency->format($total, $this->session->data['currency']));
FILE: catalog/controller/checkout/cart.php
MOD: Image Cart
2020-12-08 0:17:19 - ----------------------------------------------------------------
NOT FOUND!
CODE: $json['total'] = sprintf($this->language->get('text_items'), $this->cart->countProducts() + (isset($this->session->data['vouchers']) ? count($this->session->data['vouchers']) : 0), $this->currency->format($total, $this->session->data['currency']));
FILE: catalog/controller/checkout/cart.php
MOD: Image Cart
2020-12-08 0:18:07 - ----------------------------------------------------------------
NOT FOUND!
CODE: $json['total'] = sprintf($this->language->get('text_items'), $this->cart->countProducts() + (isset($this->session->data['vouchers']) ? count($this->session->data['vouchers']) : 0), $this->currency->format($total, $this->session->data['currency']));
FILE: catalog/controller/checkout/cart.php
MOD: Image Cart
2020-12-08 23:19:33 - ----------------------------------------------------------------
NOT FOUND!
CODE: $json['total'] = sprintf($this->language->get('text_items'), $this->cart->countProducts() + (isset($this->session->data['vouchers']) ? count($this->session->data['vouchers']) : 0), $this->currency->format($total, $this->session->data['currency']));
FILE: catalog/controller/checkout/cart.php
MOD: Image Cart
